# JRE version: Java(TM) SE Runtime Environment (21.0.3+7) (build 21.0.3+7-LTS-152)
# Java VM: Java HotSpot(TM) 64-Bit Server VM (21.0.3+7-LTS-152, mixed mode, emulated-client, sharing, tiered, compressed oops, compressed class ptrs, g1 gc, windows-amd64)
GC Precious Log:
 CardTable entry size: 512
 Card Set container configuration: InlinePtr #cards 5 size 8 Array Of Cards #cards 12 size 40 Howl #buckets 4 coarsen threshold 1843 Howl Bitmap #cards 512 size 80 coarsen threshold 460 Card regions per heap region 1 cards per card region 2048
 CPUs: 4 total, 4 available
 Memory: 8099M
 Large Page Support: Disabled
 NUMA Support: Disabled
 Compressed Oops: Enabled (32-bit)
 Heap Region Size: 1M
 Heap Min Capacity: 8M
 Heap Initial Capacity: 128M
 Heap Max Capacity: 2026M
 Pre-touch: Disabled
 Parallel Workers: 4
 Concurrent Workers: 1
 Concurrent Refinement Workers: 4
 Periodic GC: Disabled
Heap:
 garbage-first heap   total 55296K, used 41055K [0x0000000081600000, 0x0000000100000000)
  region size 1024K, 24 young (24576K), 3 survivors (3072K)
 Metaspace       used 48011K, committed 48704K, reserved 1114112K
  class space    used 5961K, committed 6272K, reserved 1048576K
GC Heap History (20 events):
Event: 767.416 GC heap before
{Heap before GC invocations=9 (full 0):
 garbage-first heap   total 58368K, used 22834K [0x0000000081600000, 0x0000000100000000)
  region size 1024K, 6 young (6144K), 2 survivors (2048K)
 Metaspace       used 33010K, committed 33664K, reserved 1114112K
  class space    used 4389K, committed 4672K, reserved 1048576K
}
Event: 767.441 GC heap after
{Heap after GC invocations=10 (full 1):
 garbage-first heap   total 55296K, used 14302K [0x0000000081600000, 0x0000000100000000)
  region size 1024K, 0 young (0K), 0 survivors (0K)
 Metaspace       used 32691K, committed 33664K, reserved 1114112K
  class space    used 4309K, committed 4672K, reserved 1048576K
}
Event: 767.858 GC heap before
{Heap before GC invocations=10 (full 1):
 garbage-first heap   total 55296K, used 43998K [0x0000000081600000, 0x0000000100000000)
  region size 1024K, 30 young (30720K), 0 survivors (0K)
 Metaspace       used 32843K, committed 33664K, reserved 1114112K
  class space    used 4349K, committed 4672K, reserved 1048576K
}
Event: 767.861 GC heap after
{Heap after GC invocations=11 (full 1):
 garbage-first heap   total 55296K, used 17509K [0x0000000081600000, 0x0000000100000000)
  region size 1024K, 4 young (4096K), 4 survivors (4096K)
 Metaspace       used 32843K, committed 33664K, reserved 1114112K
  class space    used 4349K, committed 4672K, reserved 1048576K
}
Event: 785.945 GC heap before
{Heap before GC invocations=11 (full 1):
 garbage-first heap   total 55296K, used 25701K [0x0000000081600000, 0x0000000100000000)
  region size 1024K, 13 young (13312K), 4 survivors (4096K)
 Metaspace       used 32900K, committed 33664K, reserved 1114112K
  class space    used 4363K, committed 4672K, reserved 1048576K
}
Event: 785.975 GC heap after
{Heap after GC invocations=12 (full 2):
 garbage-first heap   total 55296K, used 16071K [0x0000000081600000, 0x0000000100000000)
  region size 1024K, 0 young (0K), 0 survivors (0K)
 Metaspace       used 32848K, committed 33664K, reserved 1114112K
  class space    used 4350K, committed 4672K, reserved 1048576K
}
Event: 786.343 GC heap before
{Heap before GC invocations=12 (full 2):
 garbage-first heap   total 55296K, used 44743K [0x0000000081600000, 0x0000000100000000)
  region size 1024K, 29 young (29696K), 0 survivors (0K)
 Metaspace       used 32872K, committed 33664K, reserved 1114112K
  class space    used 4355K, committed 4672K, reserved 1048576K
}
Event: 786.346 GC heap after
{Heap after GC invocations=13 (full 2):
 garbage-first heap   total 55296K, used 18640K [0x0000000081600000, 0x0000000100000000)
  region size 1024K, 3 young (3072K), 3 survivors (3072K)
 Metaspace       used 32872K, committed 33664K, reserved 1114112K
  class space    used 4355K, committed 4672K, reserved 1048576K
}
Event: 797.065 GC heap before
{Heap before GC invocations=13 (full 2):
 garbage-first heap   total 55296K, used 22736K [0x0000000081600000, 0x0000000100000000)
  region size 1024K, 8 young (8192K), 3 survivors (3072K)
 Metaspace       used 32877K, committed 33664K, reserved 1114112K
  class space    used 4356K, committed 4672K, reserved 1048576K
}
Event: 797.092 GC heap after
{Heap after GC invocations=14 (full 3):
 garbage-first heap   total 55296K, used 16127K [0x0000000081600000, 0x0000000100000000)
  region size 1024K, 0 young (0K), 0 survivors (0K)
 Metaspace       used 32874K, committed 33664K, reserved 1114112K
  class space    used 4355K, committed 4672K, reserved 1048576K
}
Event: 797.430 GC heap before
{Heap before GC invocations=14 (full 3):
 garbage-first heap   total 55296K, used 44799K [0x0000000081600000, 0x0000000100000000)
  region size 1024K, 28 young (28672K), 0 survivors (0K)
 Metaspace       used 32895K, committed 33664K, reserved 1114112K
  class space    used 4360K, committed 4672K, reserved 1048576K
}
Event: 797.432 GC heap after
{Heap after GC invocations=15 (full 3):
 garbage-first heap   total 55296K, used 18661K [0x0000000081600000, 0x0000000100000000)
  region size 1024K, 3 young (3072K), 3 survivors (3072K)
 Metaspace       used 32895K, committed 33664K, reserved 1114112K
  class space    used 4360K, committed 4672K, reserved 1048576K
}
Event: 1597.343 GC heap before
{Heap before GC invocations=15 (full 3):
 garbage-first heap   total 55296K, used 44261K [0x0000000081600000, 0x0000000100000000)
  region size 1024K, 29 young (29696K), 3 survivors (3072K)
 Metaspace       used 35394K, committed 36032K, reserved 1114112K
  class space    used 4702K, committed 4992K, reserved 1048576K
}
Event: 1597.347 GC heap after
{Heap after GC invocations=16 (full 3):
 garbage-first heap   total 55296K, used 19296K [0x0000000081600000, 0x0000000100000000)
  region size 1024K, 2 young (2048K), 2 survivors (2048K)
 Metaspace       used 35394K, committed 36032K, reserved 1114112K
  class space    used 4702K, committed 4992K, reserved 1048576K
}
Event: 1636.859 GC heap before
{Heap before GC invocations=16 (full 3):
 garbage-first heap   total 55296K, used 30560K [0x0000000081600000, 0x0000000100000000)
  region size 1024K, 15 young (15360K), 2 survivors (2048K)
 Metaspace       used 40760K, committed 41408K, reserved 1114112K
  class space    used 5304K, committed 5568K, reserved 1048576K
}
Event: 1636.891 GC heap after
{Heap after GC invocations=17 (full 4):
 garbage-first heap   total 55296K, used 16016K [0x0000000081600000, 0x0000000100000000)
  region size 1024K, 0 young (0K), 0 survivors (0K)
 Metaspace       used 40565K, committed 41408K, reserved 1114112K
  class space    used 5256K, committed 5568K, reserved 1048576K
}
Event: 1637.238 GC heap before
{Heap before GC invocations=17 (full 4):
 garbage-first heap   total 55296K, used 44688K [0x0000000081600000, 0x0000000100000000)
  region size 1024K, 29 young (29696K), 0 survivors (0K)
 Metaspace       used 40691K, committed 41408K, reserved 1114112K
  class space    used 5288K, committed 5568K, reserved 1048576K
}
Event: 1637.241 GC heap after
{Heap after GC invocations=18 (full 4):
 garbage-first heap   total 55296K, used 19088K [0x0000000081600000, 0x0000000100000000)
  region size 1024K, 3 young (3072K), 3 survivors (3072K)
 Metaspace       used 40691K, committed 41408K, reserved 1114112K
  class space    used 5288K, committed 5568K, reserved 1048576K
}
Event: 1692.744 GC heap before
{Heap before GC invocations=18 (full 4):
 garbage-first heap   total 55296K, used 45712K [0x0000000081600000, 0x0000000100000000)
  region size 1024K, 30 young (30720K), 3 survivors (3072K)
 Metaspace       used 44640K, committed 45312K, reserved 1114112K
  class space    used 5612K, committed 5952K, reserved 1048576K
}
Event: 1692.748 GC heap after
{Heap after GC invocations=19 (full 4):
 garbage-first heap   total 55296K, used 21599K [0x0000000081600000, 0x0000000100000000)
  region size 1024K, 3 young (3072K), 3 survivors (3072K)
 Metaspace       used 44640K, committed 45312K, reserved 1114112K
  class space    used 5612K, committed 5952K, reserved 1048576K
}

